100 1799 -> 884 + 24
100 1797 -> 891 + 19
100 1800 -> 891 + 16
100 1803 -> 889 + 28
100 1798 -> 888 + 20
100 1803 -> 889 + 28
100 1798 -> 892 + 18
100 1802 -> 889 + 15
1000 17990 -> 8706 + 80
1000 18003 -> 8696 + 69
1000 17992 -> 8721 + 58
1000 18004 -> 8740 + 41
1000 17984 -> 8703 + 61
1000 17996 -> 8722 + 34
1000 17998 -> 8729 + 60
1000 18025 -> 8731 + 77
10000 179894 -> 83224 + 1166
10000 179881 -> 83262 + 1216
10000 180021 -> 83377 + 1193
10000 180020 -> 83324 + 1193
10000 179992 -> 83309 + 1204
10000 180012 -> 83328 + 1240
10000 179966 -> 83369 + 1189
10000 179972 -> 83340 + 1198
100000 1799945 -> 820922 + 1388
100000 1800003 -> 820821 + 1416
100000 1800087 -> 821066 + 1361
100000 1799949 -> 821021 + 1389
100000 1800175 -> 821068 + 1375
100000 1800321 -> 821110 + 1369
100000 1799786 -> 820725 + 1382
100000 1800008 -> 820994 + 1361
1000000 18000684 -> 8195967 + 1390
1000000 17999768 -> 8194882 + 1388
1000000 18000723 -> 8195985 + 1402
1000000 18000705 -> 8195280 + 1397
1000000 17999691 -> 8195868 + 1360
1000000 17999811 -> 8195053 + 1356
1000000 17999436 -> 8195442 + 1352
1000000 17999677 -> 8196160 + 1359
10000000 180000507 -> 81945496 + 1407
10000000 179998759 -> 81942874 + 1351
10000000 179999951 -> 81942534 + 1367
10000000 179995687 -> 81942108 + 1370
10000000 179997958 -> 81944423 + 1476
10000000 179997961 -> 81942821 + 1484
10000000 179998104 -> 81943955 + 1347
10000000 179998747 -> 81942426 + 1432
